[28-May-2026 12:07:41 UTC] PHP Warning:  Trying to access array offset on value of type bool in C:\Users\navne\Local Sites\acm-local\app\public\wp-content\themes\src\widgets\Dashboard.php on line 62
[28-May-2026 12:10:02 UTC] PHP Warning:  Undefined array key "uid" in C:\Users\navne\Local Sites\acm-local\app\public\wp-content\plugins\meeting-scheduler-by-vcita\vcita-widgets-functions.php on line 45
[28-May-2026 12:23:06 UTC] PHP Warning:  Undefined array key "uid" in C:\Users\navne\Local Sites\acm-local\app\public\wp-content\plugins\meeting-scheduler-by-vcita\vcita-widgets-functions.php on line 45
[28-May-2026 12:23:09 UTC] PHP Warning:  Undefined array key "uid" in C:\Users\navne\Local Sites\acm-local\app\public\wp-content\plugins\meeting-scheduler-by-vcita\vcita-widgets-functions.php on line 45
[28-May-2026 12:31:07 UTC] PHP Warning:  Undefined array key "uid" in C:\Users\navne\Local Sites\acm-local\app\public\wp-content\plugins\meeting-scheduler-by-vcita\vcita-widgets-functions.php on line 45
[28-May-2026 12:31:52 UTC] PHP Warning:  Undefined array key "uid" in C:\Users\navne\Local Sites\acm-local\app\public\wp-content\plugins\meeting-scheduler-by-vcita\vcita-widgets-functions.php on line 45
[28-May-2026 12:33:11 UTC] PHP Warning:  Undefined array key "uid" in C:\Users\navne\Local Sites\acm-local\app\public\wp-content\plugins\meeting-scheduler-by-vcita\vcita-widgets-functions.php on line 45
[28-May-2026 12:36:06 UTC] PHP Warning:  Undefined array key "uid" in C:\Users\navne\Local Sites\acm-local\app\public\wp-content\plugins\meeting-scheduler-by-vcita\vcita-widgets-functions.php on line 45
[28-May-2026 12:36:50 UTC] PHP Warning:  Undefined array key "uid" in C:\Users\navne\Local Sites\acm-local\app\public\wp-content\plugins\meeting-scheduler-by-vcita\vcita-widgets-functions.php on line 45
[28-May-2026 12:43:05 UTC] PHP Warning:  Undefined array key "uid" in C:\Users\navne\Local Sites\acm-local\app\public\wp-content\plugins\meeting-scheduler-by-vcita\vcita-widgets-functions.php on line 45
[28-May-2026 12:46:14 UTC] PHP Warning:  Undefined array key "uid" in C:\Users\navne\Local Sites\acm-local\app\public\wp-content\plugins\meeting-scheduler-by-vcita\vcita-widgets-functions.php on line 45
[28-May-2026 12:46:31 UTC] PHP Warning:  Undefined array key "uid" in C:\Users\navne\Local Sites\acm-local\app\public\wp-content\plugins\meeting-scheduler-by-vcita\vcita-widgets-functions.php on line 45
[28-May-2026 12:47:45 UTC] PHP Warning:  Undefined array key "uid" in C:\Users\navne\Local Sites\acm-local\app\public\wp-content\plugins\meeting-scheduler-by-vcita\vcita-widgets-functions.php on line 45
[28-May-2026 13:02:29 UTC] PHP Warning:  Undefined array key "uid" in C:\Users\navne\Local Sites\acm-local\app\public\wp-content\plugins\meeting-scheduler-by-vcita\vcita-widgets-functions.php on line 45
[29-May-2026 04:13:58 UTC] PHP Warning:  Undefined array key "uid" in C:\Users\navne\Local Sites\acm-local\app\public\wp-content\plugins\meeting-scheduler-by-vcita\vcita-widgets-functions.php on line 45
[29-May-2026 04:18:55 UTC] PHP Warning:  Undefined array key "uid" in C:\Users\navne\Local Sites\acm-local\app\public\wp-content\plugins\meeting-scheduler-by-vcita\vcita-widgets-functions.php on line 45
[29-May-2026 04:42:09 UTC] PHP Warning:  Undefined array key "uid" in C:\Users\navne\Local Sites\acm-local\app\public\wp-content\plugins\meeting-scheduler-by-vcita\vcita-widgets-functions.php on line 45
[29-May-2026 04:44:52 UTC] PHP Warning:  Undefined array key "uid" in C:\Users\navne\Local Sites\acm-local\app\public\wp-content\plugins\meeting-scheduler-by-vcita\vcita-widgets-functions.php on line 45
[29-May-2026 04:44:52 UTC] PHP Warning:  Undefined array key "uid" in C:\Users\navne\Local Sites\acm-local\app\public\wp-content\plugins\meeting-scheduler-by-vcita\vcita-widgets-functions.php on line 45
[29-May-2026 04:44:56 UTC] PHP Warning:  Undefined array key "uid" in C:\Users\navne\Local Sites\acm-local\app\public\wp-content\plugins\meeting-scheduler-by-vcita\vcita-widgets-functions.php on line 45
[29-May-2026 04:44:59 UTC] PHP Warning:  Undefined array key "uid" in C:\Users\navne\Local Sites\acm-local\app\public\wp-content\plugins\meeting-scheduler-by-vcita\vcita-widgets-functions.php on line 45
[29-May-2026 04:44:59 UTC] PHP Warning:  Undefined array key "uid" in C:\Users\navne\Local Sites\acm-local\app\public\wp-content\plugins\meeting-scheduler-by-vcita\vcita-widgets-functions.php on line 45
[29-May-2026 04:45:00 UTC] PHP Warning:  Undefined array key "uid" in C:\Users\navne\Local Sites\acm-local\app\public\wp-content\plugins\meeting-scheduler-by-vcita\vcita-widgets-functions.php on line 45
[29-May-2026 04:45:00 UTC] PHP Warning:  Undefined array key "uid" in C:\Users\navne\Local Sites\acm-local\app\public\wp-content\plugins\meeting-scheduler-by-vcita\vcita-widgets-functions.php on line 45
[29-May-2026 04:45:00 UTC] PHP Warning:  Undefined array key "uid" in C:\Users\navne\Local Sites\acm-local\app\public\wp-content\plugins\meeting-scheduler-by-vcita\vcita-widgets-functions.php on line 45
[29-May-2026 04:45:00 UTC] PHP Warning:  Undefined array key "uid" in C:\Users\navne\Local Sites\acm-local\app\public\wp-content\plugins\meeting-scheduler-by-vcita\vcita-widgets-functions.php on line 45
[29-May-2026 04:45:00 UTC] PHP Warning:  Undefined array key "uid" in C:\Users\navne\Local Sites\acm-local\app\public\wp-content\plugins\meeting-scheduler-by-vcita\vcita-widgets-functions.php on line 45
[29-May-2026 04:45:16 UTC] PHP Warning:  Undefined array key "uid" in C:\Users\navne\Local Sites\acm-local\app\public\wp-content\plugins\meeting-scheduler-by-vcita\vcita-widgets-functions.php on line 45
[29-May-2026 04:48:36 UTC] PHP Warning:  Undefined array key "uid" in C:\Users\navne\Local Sites\acm-local\app\public\wp-content\plugins\meeting-scheduler-by-vcita\vcita-widgets-functions.php on line 45
[29-May-2026 04:48:39 UTC] PHP Warning:  Undefined array key "uid" in C:\Users\navne\Local Sites\acm-local\app\public\wp-content\plugins\meeting-scheduler-by-vcita\vcita-widgets-functions.php on line 45
[29-May-2026 04:48:55 UTC] PHP Warning:  Undefined array key "uid" in C:\Users\navne\Local Sites\acm-local\app\public\wp-content\plugins\meeting-scheduler-by-vcita\vcita-widgets-functions.php on line 45
[29-May-2026 04:49:16 UTC] PHP Warning:  Undefined array key "uid" in C:\Users\navne\Local Sites\acm-local\app\public\wp-content\plugins\meeting-scheduler-by-vcita\vcita-widgets-functions.php on line 45
[29-May-2026 04:49:28 UTC] PHP Warning:  Undefined array key "uid" in C:\Users\navne\Local Sites\acm-local\app\public\wp-content\plugins\meeting-scheduler-by-vcita\vcita-widgets-functions.php on line 45
[29-May-2026 04:56:15 UTC] PHP Warning:  Undefined array key "uid" in C:\Users\navne\Local Sites\acm-local\app\public\wp-content\plugins\meeting-scheduler-by-vcita\vcita-widgets-functions.php on line 45
[29-May-2026 04:56:20 UTC] PHP Warning:  Undefined array key "uid" in C:\Users\navne\Local Sites\acm-local\app\public\wp-content\plugins\meeting-scheduler-by-vcita\vcita-widgets-functions.php on line 45
[29-May-2026 04:56:44 UTC] PHP Warning:  Undefined array key "uid" in C:\Users\navne\Local Sites\acm-local\app\public\wp-content\plugins\meeting-scheduler-by-vcita\vcita-widgets-functions.php on line 45
[29-May-2026 05:01:24 UTC] PHP Warning:  Undefined array key "uid" in C:\Users\navne\Local Sites\acm-local\app\public\wp-content\plugins\meeting-scheduler-by-vcita\vcita-widgets-functions.php on line 45
[29-May-2026 05:05:26 UTC] PHP Warning:  Undefined array key "uid" in C:\Users\navne\Local Sites\acm-local\app\public\wp-content\plugins\meeting-scheduler-by-vcita\vcita-widgets-functions.php on line 45
[29-May-2026 05:09:21 UTC] PHP Warning:  Undefined array key "uid" in C:\Users\navne\Local Sites\acm-local\app\public\wp-content\plugins\meeting-scheduler-by-vcita\vcita-widgets-functions.php on line 45
[29-May-2026 05:10:22 UTC] PHP Warning:  Undefined array key "uid" in C:\Users\navne\Local Sites\acm-local\app\public\wp-content\plugins\meeting-scheduler-by-vcita\vcita-widgets-functions.php on line 45
[29-May-2026 05:10:58 UTC] PHP Warning:  Undefined array key "uid" in C:\Users\navne\Local Sites\acm-local\app\public\wp-content\plugins\meeting-scheduler-by-vcita\vcita-widgets-functions.php on line 45
[29-May-2026 05:11:23 UTC] PHP Warning:  Undefined array key "uid" in C:\Users\navne\Local Sites\acm-local\app\public\wp-content\plugins\meeting-scheduler-by-vcita\vcita-widgets-functions.php on line 45
[29-May-2026 05:13:23 UTC] PHP Warning:  Undefined array key "uid" in C:\Users\navne\Local Sites\acm-local\app\public\wp-content\plugins\meeting-scheduler-by-vcita\vcita-widgets-functions.php on line 45
[29-May-2026 05:14:03 UTC] PHP Warning:  Undefined array key "uid" in C:\Users\navne\Local Sites\acm-local\app\public\wp-content\plugins\meeting-scheduler-by-vcita\vcita-widgets-functions.php on line 45
[29-May-2026 05:14:39 UTC] PHP Warning:  Undefined array key "uid" in C:\Users\navne\Local Sites\acm-local\app\public\wp-content\plugins\meeting-scheduler-by-vcita\vcita-widgets-functions.php on line 45
[29-May-2026 05:21:57 UTC] PHP Warning:  Undefined array key "uid" in C:\Users\navne\Local Sites\acm-local\app\public\wp-content\plugins\meeting-scheduler-by-vcita\vcita-widgets-functions.php on line 45
[29-May-2026 05:23:38 UTC] PHP Warning:  Undefined array key "uid" in C:\Users\navne\Local Sites\acm-local\app\public\wp-content\plugins\meeting-scheduler-by-vcita\vcita-widgets-functions.php on line 45
[29-May-2026 05:24:29 UTC] PHP Warning:  Undefined array key "uid" in C:\Users\navne\Local Sites\acm-local\app\public\wp-content\plugins\meeting-scheduler-by-vcita\vcita-widgets-functions.php on line 45
[29-May-2026 05:25:12 UTC] PHP Warning:  Undefined array key "uid" in C:\Users\navne\Local Sites\acm-local\app\public\wp-content\plugins\meeting-scheduler-by-vcita\vcita-widgets-functions.php on line 45
[29-May-2026 05:27:10 UTC] PHP Warning:  Undefined array key "uid" in C:\Users\navne\Local Sites\acm-local\app\public\wp-content\plugins\meeting-scheduler-by-vcita\vcita-widgets-functions.php on line 45
[29-May-2026 05:27:20 UTC] PHP Warning:  Undefined array key "uid" in C:\Users\navne\Local Sites\acm-local\app\public\wp-content\plugins\meeting-scheduler-by-vcita\vcita-widgets-functions.php on line 45
[29-May-2026 05:27:47 UTC] PHP Warning:  Undefined array key "uid" in C:\Users\navne\Local Sites\acm-local\app\public\wp-content\plugins\meeting-scheduler-by-vcita\vcita-widgets-functions.php on line 45
[29-May-2026 05:27:52 UTC] PHP Warning:  Undefined array key "uid" in C:\Users\navne\Local Sites\acm-local\app\public\wp-content\plugins\meeting-scheduler-by-vcita\vcita-widgets-functions.php on line 45
[29-May-2026 05:34:16 UTC] PHP Warning:  Undefined array key "uid" in C:\Users\navne\Local Sites\acm-local\app\public\wp-content\plugins\meeting-scheduler-by-vcita\vcita-widgets-functions.php on line 45
[29-May-2026 06:13:34 UTC] PHP Warning:  Undefined array key "uid" in C:\Users\navne\Local Sites\acm-local\app\public\wp-content\plugins\meeting-scheduler-by-vcita\vcita-widgets-functions.php on line 45
[29-May-2026 06:15:32 UTC] PHP Warning:  Undefined array key "uid" in C:\Users\navne\Local Sites\acm-local\app\public\wp-content\plugins\meeting-scheduler-by-vcita\vcita-widgets-functions.php on line 45
[29-May-2026 06:15:50 UTC] PHP Warning:  Undefined array key "uid" in C:\Users\navne\Local Sites\acm-local\app\public\wp-content\plugins\meeting-scheduler-by-vcita\vcita-widgets-functions.php on line 45
[29-May-2026 06:15:54 UTC] PHP Warning:  Undefined array key "uid" in C:\Users\navne\Local Sites\acm-local\app\public\wp-content\plugins\meeting-scheduler-by-vcita\vcita-widgets-functions.php on line 45
[29-May-2026 06:16:23 UTC] PHP Warning:  Undefined array key "uid" in C:\Users\navne\Local Sites\acm-local\app\public\wp-content\plugins\meeting-scheduler-by-vcita\vcita-widgets-functions.php on line 45
[29-May-2026 06:25:37 UTC] PHP Warning:  Undefined array key "uid" in C:\Users\navne\Local Sites\acm-local\app\public\wp-content\plugins\meeting-scheduler-by-vcita\vcita-widgets-functions.php on line 45
[29-May-2026 06:25:40 UTC] PHP Warning:  Undefined array key "uid" in C:\Users\navne\Local Sites\acm-local\app\public\wp-content\plugins\meeting-scheduler-by-vcita\vcita-widgets-functions.php on line 45
[29-May-2026 06:25:40 UTC] PHP Warning:  Undefined array key "uid" in C:\Users\navne\Local Sites\acm-local\app\public\wp-content\plugins\meeting-scheduler-by-vcita\vcita-widgets-functions.php on line 45
[29-May-2026 06:25:42 UTC] PHP Warning:  Undefined array key "uid" in C:\Users\navne\Local Sites\acm-local\app\public\wp-content\plugins\meeting-scheduler-by-vcita\vcita-widgets-functions.php on line 45
[29-May-2026 06:28:01 UTC] PHP Warning:  Undefined array key "uid" in C:\Users\navne\Local Sites\acm-local\app\public\wp-content\plugins\meeting-scheduler-by-vcita\vcita-widgets-functions.php on line 45
[29-May-2026 06:29:56 UTC] PHP Warning:  Undefined array key "uid" in C:\Users\navne\Local Sites\acm-local\app\public\wp-content\plugins\meeting-scheduler-by-vcita\vcita-widgets-functions.php on line 45
[29-May-2026 06:30:17 UTC] PHP Warning:  Undefined array key "uid" in C:\Users\navne\Local Sites\acm-local\app\public\wp-content\plugins\meeting-scheduler-by-vcita\vcita-widgets-functions.php on line 45
[29-May-2026 06:30:21 UTC] PHP Warning:  Undefined array key "uid" in C:\Users\navne\Local Sites\acm-local\app\public\wp-content\plugins\meeting-scheduler-by-vcita\vcita-widgets-functions.php on line 45
[29-May-2026 06:30:45 UTC] PHP Warning:  Undefined array key "uid" in C:\Users\navne\Local Sites\acm-local\app\public\wp-content\plugins\meeting-scheduler-by-vcita\vcita-widgets-functions.php on line 45
[29-May-2026 06:31:21 UTC] PHP Warning:  Undefined array key "uid" in C:\Users\navne\Local Sites\acm-local\app\public\wp-content\plugins\meeting-scheduler-by-vcita\vcita-widgets-functions.php on line 45
[29-May-2026 06:39:38 UTC] PHP Warning:  Undefined array key "uid" in C:\Users\navne\Local Sites\acm-local\app\public\wp-content\plugins\meeting-scheduler-by-vcita\vcita-widgets-functions.php on line 45
[29-May-2026 06:46:56 UTC] PHP Warning:  Undefined array key "uid" in C:\Users\navne\Local Sites\acm-local\app\public\wp-content\plugins\meeting-scheduler-by-vcita\vcita-widgets-functions.php on line 45
[29-May-2026 06:49:57 UTC] PHP Warning:  Undefined array key "uid" in C:\Users\navne\Local Sites\acm-local\app\public\wp-content\plugins\meeting-scheduler-by-vcita\vcita-widgets-functions.php on line 45
[29-May-2026 06:50:01 UTC] PHP Warning:  Undefined array key "uid" in C:\Users\navne\Local Sites\acm-local\app\public\wp-content\plugins\meeting-scheduler-by-vcita\vcita-widgets-functions.php on line 45
[29-May-2026 06:50:24 UTC] PHP Warning:  Undefined array key "uid" in C:\Users\navne\Local Sites\acm-local\app\public\wp-content\plugins\meeting-scheduler-by-vcita\vcita-widgets-functions.php on line 45
[29-May-2026 06:57:42 UTC] PHP Warning:  Undefined array key "uid" in C:\Users\navne\Local Sites\acm-local\app\public\wp-content\plugins\meeting-scheduler-by-vcita\vcita-widgets-functions.php on line 45
[29-May-2026 06:58:54 UTC] PHP Warning:  Undefined array key "uid" in C:\Users\navne\Local Sites\acm-local\app\public\wp-content\plugins\meeting-scheduler-by-vcita\vcita-widgets-functions.php on line 45
[29-May-2026 07:03:18 UTC] PHP Warning:  Undefined array key "uid" in C:\Users\navne\Local Sites\acm-local\app\public\wp-content\plugins\meeting-scheduler-by-vcita\vcita-widgets-functions.php on line 45
[29-May-2026 07:03:21 UTC] PHP Warning:  Undefined array key "uid" in C:\Users\navne\Local Sites\acm-local\app\public\wp-content\plugins\meeting-scheduler-by-vcita\vcita-widgets-functions.php on line 45
[29-May-2026 07:03:21 UTC] PHP Warning:  Undefined array key "uid" in C:\Users\navne\Local Sites\acm-local\app\public\wp-content\plugins\meeting-scheduler-by-vcita\vcita-widgets-functions.php on line 45
[29-May-2026 07:03:22 UTC] PHP Warning:  Undefined array key "uid" in C:\Users\navne\Local Sites\acm-local\app\public\wp-content\plugins\meeting-scheduler-by-vcita\vcita-widgets-functions.php on line 45
[29-May-2026 07:03:22 UTC] PHP Warning:  Undefined array key "uid" in C:\Users\navne\Local Sites\acm-local\app\public\wp-content\plugins\meeting-scheduler-by-vcita\vcita-widgets-functions.php on line 45
[29-May-2026 07:03:22 UTC] PHP Warning:  Undefined array key "uid" in C:\Users\navne\Local Sites\acm-local\app\public\wp-content\plugins\meeting-scheduler-by-vcita\vcita-widgets-functions.php on line 45
[29-May-2026 07:03:23 UTC] PHP Warning:  Undefined array key "uid" in C:\Users\navne\Local Sites\acm-local\app\public\wp-content\plugins\meeting-scheduler-by-vcita\vcita-widgets-functions.php on line 45
[29-May-2026 07:03:23 UTC] PHP Warning:  Undefined array key "uid" in C:\Users\navne\Local Sites\acm-local\app\public\wp-content\plugins\meeting-scheduler-by-vcita\vcita-widgets-functions.php on line 45
[29-May-2026 07:03:23 UTC] PHP Warning:  Undefined array key "uid" in C:\Users\navne\Local Sites\acm-local\app\public\wp-content\plugins\meeting-scheduler-by-vcita\vcita-widgets-functions.php on line 45
[29-May-2026 07:03:23 UTC] PHP Warning:  Undefined array key "uid" in C:\Users\navne\Local Sites\acm-local\app\public\wp-content\plugins\meeting-scheduler-by-vcita\vcita-widgets-functions.php on line 45
[29-May-2026 07:03:23 UTC] PHP Warning:  Undefined array key "uid" in C:\Users\navne\Local Sites\acm-local\app\public\wp-content\plugins\meeting-scheduler-by-vcita\vcita-widgets-functions.php on line 45
[29-May-2026 07:03:23 UTC] PHP Warning:  Undefined array key "uid" in C:\Users\navne\Local Sites\acm-local\app\public\wp-content\plugins\meeting-scheduler-by-vcita\vcita-widgets-functions.php on line 45
[29-May-2026 07:03:24 UTC] PHP Warning:  Undefined array key "uid" in C:\Users\navne\Local Sites\acm-local\app\public\wp-content\plugins\meeting-scheduler-by-vcita\vcita-widgets-functions.php on line 45
[29-May-2026 07:03:24 UTC] PHP Warning:  Undefined array key "uid" in C:\Users\navne\Local Sites\acm-local\app\public\wp-content\plugins\meeting-scheduler-by-vcita\vcita-widgets-functions.php on line 45
[29-May-2026 07:03:24 UTC] PHP Warning:  Undefined array key "uid" in C:\Users\navne\Local Sites\acm-local\app\public\wp-content\plugins\meeting-scheduler-by-vcita\vcita-widgets-functions.php on line 45
[29-May-2026 07:03:24 UTC] PHP Warning:  Undefined array key "uid" in C:\Users\navne\Local Sites\acm-local\app\public\wp-content\plugins\meeting-scheduler-by-vcita\vcita-widgets-functions.php on line 45
[29-May-2026 07:03:39 UTC] PHP Warning:  Undefined array key "uid" in C:\Users\navne\Local Sites\acm-local\app\public\wp-content\plugins\meeting-scheduler-by-vcita\vcita-widgets-functions.php on line 45
[29-May-2026 07:06:44 UTC] PHP Warning:  Undefined array key "uid" in C:\Users\navne\Local Sites\acm-local\app\public\wp-content\plugins\meeting-scheduler-by-vcita\vcita-widgets-functions.php on line 45
[29-May-2026 07:06:51 UTC] PHP Warning:  Undefined array key "uid" in C:\Users\navne\Local Sites\acm-local\app\public\wp-content\plugins\meeting-scheduler-by-vcita\vcita-widgets-functions.php on line 45
[29-May-2026 07:07:31 UTC] PHP Warning:  Undefined array key "uid" in C:\Users\navne\Local Sites\acm-local\app\public\wp-content\plugins\meeting-scheduler-by-vcita\vcita-widgets-functions.php on line 45
[29-May-2026 07:08:08 UTC] PHP Warning:  Undefined array key "uid" in C:\Users\navne\Local Sites\acm-local\app\public\wp-content\plugins\meeting-scheduler-by-vcita\vcita-widgets-functions.php on line 45
[29-May-2026 07:08:40 UTC] PHP Warning:  Undefined array key "uid" in C:\Users\navne\Local Sites\acm-local\app\public\wp-content\plugins\meeting-scheduler-by-vcita\vcita-widgets-functions.php on line 45
[29-May-2026 07:15:03 UTC] PHP Warning:  Undefined array key "uid" in C:\Users\navne\Local Sites\acm-local\app\public\wp-content\plugins\meeting-scheduler-by-vcita\vcita-widgets-functions.php on line 45
[29-May-2026 07:16:05 UTC] PHP Warning:  Undefined array key "uid" in C:\Users\navne\Local Sites\acm-local\app\public\wp-content\plugins\meeting-scheduler-by-vcita\vcita-widgets-functions.php on line 45
[29-May-2026 07:16:10 UTC] PHP Warning:  Undefined array key "uid" in C:\Users\navne\Local Sites\acm-local\app\public\wp-content\plugins\meeting-scheduler-by-vcita\vcita-widgets-functions.php on line 45
[29-May-2026 07:16:24 UTC] PHP Warning:  Undefined array key "uid" in C:\Users\navne\Local Sites\acm-local\app\public\wp-content\plugins\meeting-scheduler-by-vcita\vcita-widgets-functions.php on line 45
[29-May-2026 07:16:47 UTC] PHP Warning:  Undefined array key "uid" in C:\Users\navne\Local Sites\acm-local\app\public\wp-content\plugins\meeting-scheduler-by-vcita\vcita-widgets-functions.php on line 45
[29-May-2026 07:17:23 UTC] PHP Warning:  Undefined array key "uid" in C:\Users\navne\Local Sites\acm-local\app\public\wp-content\plugins\meeting-scheduler-by-vcita\vcita-widgets-functions.php on line 45
[29-May-2026 07:17:48 UTC] PHP Warning:  Undefined array key "uid" in C:\Users\navne\Local Sites\acm-local\app\public\wp-content\plugins\meeting-scheduler-by-vcita\vcita-widgets-functions.php on line 45
[29-May-2026 07:24:41 UTC] PHP Warning:  Undefined array key "uid" in C:\Users\navne\Local Sites\acm-local\app\public\wp-content\plugins\meeting-scheduler-by-vcita\vcita-widgets-functions.php on line 45
[29-May-2026 07:26:21 UTC] PHP Warning:  Undefined array key "uid" in C:\Users\navne\Local Sites\acm-local\app\public\wp-content\plugins\meeting-scheduler-by-vcita\vcita-widgets-functions.php on line 45
[29-May-2026 07:28:00 UTC] PHP Warning:  Undefined array key "uid" in C:\Users\navne\Local Sites\acm-local\app\public\wp-content\plugins\meeting-scheduler-by-vcita\vcita-widgets-functions.php on line 45
[29-May-2026 07:29:52 UTC] PHP Warning:  Undefined array key "uid" in C:\Users\navne\Local Sites\acm-local\app\public\wp-content\plugins\meeting-scheduler-by-vcita\vcita-widgets-functions.php on line 45
[29-May-2026 07:29:55 UTC] PHP Warning:  Undefined array key "uid" in C:\Users\navne\Local Sites\acm-local\app\public\wp-content\plugins\meeting-scheduler-by-vcita\vcita-widgets-functions.php on line 45
[29-May-2026 07:29:56 UTC] PHP Warning:  Undefined array key "uid" in C:\Users\navne\Local Sites\acm-local\app\public\wp-content\plugins\meeting-scheduler-by-vcita\vcita-widgets-functions.php on line 45
[29-May-2026 07:29:56 UTC] PHP Warning:  Undefined array key "uid" in C:\Users\navne\Local Sites\acm-local\app\public\wp-content\plugins\meeting-scheduler-by-vcita\vcita-widgets-functions.php on line 45
[29-May-2026 07:29:56 UTC] PHP Warning:  Undefined array key "uid" in C:\Users\navne\Local Sites\acm-local\app\public\wp-content\plugins\meeting-scheduler-by-vcita\vcita-widgets-functions.php on line 45
[29-May-2026 07:29:57 UTC] PHP Warning:  Undefined array key "uid" in C:\Users\navne\Local Sites\acm-local\app\public\wp-content\plugins\meeting-scheduler-by-vcita\vcita-widgets-functions.php on line 45
[29-May-2026 07:29:57 UTC] PHP Warning:  Undefined array key "uid" in C:\Users\navne\Local Sites\acm-local\app\public\wp-content\plugins\meeting-scheduler-by-vcita\vcita-widgets-functions.php on line 45
[29-May-2026 07:29:57 UTC] PHP Warning:  Undefined array key "uid" in C:\Users\navne\Local Sites\acm-local\app\public\wp-content\plugins\meeting-scheduler-by-vcita\vcita-widgets-functions.php on line 45
[29-May-2026 07:32:43 UTC] PHP Warning:  Undefined array key "uid" in C:\Users\navne\Local Sites\acm-local\app\public\wp-content\plugins\meeting-scheduler-by-vcita\vcita-widgets-functions.php on line 45
[29-May-2026 07:41:46 UTC] PHP Warning:  Undefined array key "uid" in C:\Users\navne\Local Sites\acm-local\app\public\wp-content\plugins\meeting-scheduler-by-vcita\vcita-widgets-functions.php on line 45
[29-May-2026 07:42:08 UTC] PHP Warning:  Undefined array key "uid" in C:\Users\navne\Local Sites\acm-local\app\public\wp-content\plugins\meeting-scheduler-by-vcita\vcita-widgets-functions.php on line 45
[29-May-2026 07:44:31 UTC] PHP Warning:  Undefined array key "uid" in C:\Users\navne\Local Sites\acm-local\app\public\wp-content\plugins\meeting-scheduler-by-vcita\vcita-widgets-functions.php on line 45
[29-May-2026 07:47:38 UTC] PHP Warning:  Undefined array key "uid" in C:\Users\navne\Local Sites\acm-local\app\public\wp-content\plugins\meeting-scheduler-by-vcita\vcita-widgets-functions.php on line 45
[29-May-2026 07:51:48 UTC] PHP Parse error:  syntax error, unexpected token "<", expecting end of file in E:\acmwindia\acm\index.php on line 16
[29-May-2026 07:51:53 UTC] PHP Parse error:  syntax error, unexpected token "<", expecting end of file in E:\acmwindia\acm\index.php on line 16
[29-May-2026 07:51:54 UTC] PHP Parse error:  syntax error, unexpected token "<", expecting end of file in E:\acmwindia\acm\index.php on line 16
[29-May-2026 07:51:54 UTC] PHP Parse error:  syntax error, unexpected token "<", expecting end of file in E:\acmwindia\acm\index.php on line 16
[29-May-2026 07:51:54 UTC] PHP Parse error:  syntax error, unexpected token "<", expecting end of file in E:\acmwindia\acm\index.php on line 16
[29-May-2026 07:52:48 UTC] PHP Warning:  Undefined array key "uid" in C:\Users\navne\Local Sites\acm-local\app\public\wp-content\plugins\meeting-scheduler-by-vcita\vcita-widgets-functions.php on line 45
[29-May-2026 07:53:06 UTC] PHP Warning:  Undefined array key "uid" in C:\Users\navne\Local Sites\acm-local\app\public\wp-content\plugins\meeting-scheduler-by-vcita\vcita-widgets-functions.php on line 45
[29-May-2026 07:58:56 UTC] PHP Warning:  Undefined array key "uid" in C:\Users\navne\Local Sites\acm-local\app\public\wp-content\plugins\meeting-scheduler-by-vcita\vcita-widgets-functions.php on line 45
[29-May-2026 08:04:20 UTC] PHP Warning:  Undefined array key "uid" in C:\Users\navne\Local Sites\acm-local\app\public\wp-content\plugins\meeting-scheduler-by-vcita\vcita-widgets-functions.php on line 45
[29-May-2026 08:09:39 UTC] PHP Warning:  Undefined array key "uid" in C:\Users\navne\Local Sites\acm-local\app\public\wp-content\plugins\meeting-scheduler-by-vcita\vcita-widgets-functions.php on line 45
[29-May-2026 08:10:46 UTC] PHP Warning:  Undefined array key "uid" in C:\Users\navne\Local Sites\acm-local\app\public\wp-content\plugins\meeting-scheduler-by-vcita\vcita-widgets-functions.php on line 45
[29-May-2026 08:17:05 UTC] PHP Warning:  Undefined array key "uid" in C:\Users\navne\Local Sites\acm-local\app\public\wp-content\plugins\meeting-scheduler-by-vcita\vcita-widgets-functions.php on line 45
[29-May-2026 08:26:51 UTC] PHP Warning:  Undefined array key "uid" in C:\Users\navne\Local Sites\acm-local\app\public\wp-content\plugins\meeting-scheduler-by-vcita\vcita-widgets-functions.php on line 45
[29-May-2026 08:27:04 UTC] PHP Warning:  Undefined array key "uid" in C:\Users\navne\Local Sites\acm-local\app\public\wp-content\plugins\meeting-scheduler-by-vcita\vcita-widgets-functions.php on line 45
[29-May-2026 08:28:44 UTC] PHP Warning:  Undefined array key "uid" in C:\Users\navne\Local Sites\acm-local\app\public\wp-content\plugins\meeting-scheduler-by-vcita\vcita-widgets-functions.php on line 45
[29-May-2026 08:33:59 UTC] PHP Warning:  Undefined array key "uid" in C:\Users\navne\Local Sites\acm-local\app\public\wp-content\plugins\meeting-scheduler-by-vcita\vcita-widgets-functions.php on line 45
[29-May-2026 08:35:21 UTC] PHP Warning:  Undefined array key "uid" in C:\Users\navne\Local Sites\acm-local\app\public\wp-content\plugins\meeting-scheduler-by-vcita\vcita-widgets-functions.php on line 45
[29-May-2026 08:50:10 UTC] PHP Warning:  Undefined array key "uid" in C:\Users\navne\Local Sites\acm-local\app\public\wp-content\plugins\meeting-scheduler-by-vcita\vcita-widgets-functions.php on line 45
[29-May-2026 09:00:23 UTC] PHP Warning:  Undefined array key "uid" in C:\Users\navne\Local Sites\acm-local\app\public\wp-content\plugins\meeting-scheduler-by-vcita\vcita-widgets-functions.php on line 45
[29-May-2026 09:00:48 UTC] PHP Warning:  Undefined array key "uid" in C:\Users\navne\Local Sites\acm-local\app\public\wp-content\plugins\meeting-scheduler-by-vcita\vcita-widgets-functions.php on line 45
[29-May-2026 09:01:01 UTC] PHP Warning:  Undefined array key "uid" in C:\Users\navne\Local Sites\acm-local\app\public\wp-content\plugins\meeting-scheduler-by-vcita\vcita-widgets-functions.php on line 45
[29-May-2026 09:03:12 UTC] PHP Warning:  Undefined array key "uid" in C:\Users\navne\Local Sites\acm-local\app\public\wp-content\plugins\meeting-scheduler-by-vcita\vcita-widgets-functions.php on line 45
[29-May-2026 09:07:10 UTC] PHP Warning:  Undefined array key "uid" in C:\Users\navne\Local Sites\acm-local\app\public\wp-content\plugins\meeting-scheduler-by-vcita\vcita-widgets-functions.php on line 45
[29-May-2026 09:09:28 UTC] PHP Warning:  Undefined array key "uid" in C:\Users\navne\Local Sites\acm-local\app\public\wp-content\plugins\meeting-scheduler-by-vcita\vcita-widgets-functions.php on line 45
[29-May-2026 09:29:42 UTC] PHP Warning:  Undefined array key "uid" in C:\Users\navne\Local Sites\acm-local\app\public\wp-content\plugins\meeting-scheduler-by-vcita\vcita-widgets-functions.php on line 45
[29-May-2026 09:33:00 UTC] PHP Warning:  Undefined array key "uid" in C:\Users\navne\Local Sites\acm-local\app\public\wp-content\plugins\meeting-scheduler-by-vcita\vcita-widgets-functions.php on line 45
[29-May-2026 10:11:10 UTC] PHP Warning:  Undefined array key "uid" in C:\Users\navne\Local Sites\acm-local\app\public\wp-content\plugins\meeting-scheduler-by-vcita\vcita-widgets-functions.php on line 45
[29-May-2026 10:23:23 UTC] PHP Warning:  Undefined array key "uid" in C:\Users\navne\Local Sites\acm-local\app\public\wp-content\plugins\meeting-scheduler-by-vcita\vcita-widgets-functions.php on line 45
[29-May-2026 10:31:38 UTC] PHP Warning:  Undefined array key "uid" in C:\Users\navne\Local Sites\acm-local\app\public\wp-content\plugins\meeting-scheduler-by-vcita\vcita-widgets-functions.php on line 45
[29-May-2026 10:51:58 UTC] PHP Warning:  Undefined array key "uid" in C:\Users\navne\Local Sites\acm-local\app\public\wp-content\plugins\meeting-scheduler-by-vcita\vcita-widgets-functions.php on line 45
[29-May-2026 10:58:11 UTC] PHP Warning:  Undefined array key "uid" in C:\Users\navne\Local Sites\acm-local\app\public\wp-content\plugins\meeting-scheduler-by-vcita\vcita-widgets-functions.php on line 45
[29-May-2026 11:08:29 UTC] PHP Warning:  Undefined array key "uid" in C:\Users\navne\Local Sites\acm-local\app\public\wp-content\plugins\meeting-scheduler-by-vcita\vcita-widgets-functions.php on line 45
[29-May-2026 11:20:47 UTC] PHP Warning:  Undefined array key "uid" in C:\Users\navne\Local Sites\acm-local\app\public\wp-content\plugins\meeting-scheduler-by-vcita\vcita-widgets-functions.php on line 45
[29-May-2026 11:25:39 UTC] PHP Warning:  Undefined array key "uid" in C:\Users\navne\Local Sites\acm-local\app\public\wp-content\plugins\meeting-scheduler-by-vcita\vcita-widgets-functions.php on line 45
[29-May-2026 11:37:03 UTC] PHP Warning:  Undefined array key "uid" in C:\Users\navne\Local Sites\acm-local\app\public\wp-content\plugins\meeting-scheduler-by-vcita\vcita-widgets-functions.php on line 45
[29-May-2026 11:48:39 UTC] PHP Warning:  Undefined array key "uid" in C:\Users\navne\Local Sites\acm-local\app\public\wp-content\plugins\meeting-scheduler-by-vcita\vcita-widgets-functions.php on line 45
[30-May-2026 10:08:55 UTC] PHP Warning:  Undefined array key "uid" in C:\Users\navne\Local Sites\acm-local\app\public\wp-content\plugins\meeting-scheduler-by-vcita\vcita-widgets-functions.php on line 45
[01-Jun-2026 08:21:14 UTC] PHP Warning:  Undefined array key "uid" in C:\Users\navne\Local Sites\acm-local\app\public\wp-content\plugins\meeting-scheduler-by-vcita\vcita-widgets-functions.php on line 45
[01-Jun-2026 08:23:37 UTC] PHP Warning:  Undefined array key "uid" in C:\Users\navne\Local Sites\acm-local\app\public\wp-content\plugins\meeting-scheduler-by-vcita\vcita-widgets-functions.php on line 45
[01-Jun-2026 08:24:30 UTC] PHP Warning:  Undefined array key "uid" in C:\Users\navne\Local Sites\acm-local\app\public\wp-content\plugins\meeting-scheduler-by-vcita\vcita-widgets-functions.php on line 45
[01-Jun-2026 08:26:31 UTC] PHP Warning:  Undefined array key "uid" in C:\Users\navne\Local Sites\acm-local\app\public\wp-content\plugins\meeting-scheduler-by-vcita\vcita-widgets-functions.php on line 45
[01-Jun-2026 09:01:09 UTC] PHP Warning:  Undefined array key "uid" in C:\Users\navne\Local Sites\acm-local\app\public\wp-content\plugins\meeting-scheduler-by-vcita\vcita-widgets-functions.php on line 45
[01-Jun-2026 09:03:41 UTC] PHP Warning:  Undefined array key "uid" in C:\Users\navne\Local Sites\acm-local\app\public\wp-content\plugins\meeting-scheduler-by-vcita\vcita-widgets-functions.php on line 45
[01-Jun-2026 09:05:28 UTC] PHP Warning:  Undefined array key "uid" in C:\Users\navne\Local Sites\acm-local\app\public\wp-content\plugins\meeting-scheduler-by-vcita\vcita-widgets-functions.php on line 45
[01-Jun-2026 09:05:48 UTC] PHP Warning:  Undefined array key "uid" in C:\Users\navne\Local Sites\acm-local\app\public\wp-content\plugins\meeting-scheduler-by-vcita\vcita-widgets-functions.php on line 45
[01-Jun-2026 09:07:42 UTC] PHP Warning:  Undefined array key "uid" in C:\Users\navne\Local Sites\acm-local\app\public\wp-content\plugins\meeting-scheduler-by-vcita\vcita-widgets-functions.php on line 45
[01-Jun-2026 09:09:32 UTC] PHP Warning:  Undefined array key "uid" in C:\Users\navne\Local Sites\acm-local\app\public\wp-content\plugins\meeting-scheduler-by-vcita\vcita-widgets-functions.php on line 45
[01-Jun-2026 09:11:38 UTC] PHP Warning:  Undefined array key "uid" in C:\Users\navne\Local Sites\acm-local\app\public\wp-content\plugins\meeting-scheduler-by-vcita\vcita-widgets-functions.php on line 45
[01-Jun-2026 09:12:40 UTC] PHP Warning:  Undefined array key "uid" in C:\Users\navne\Local Sites\acm-local\app\public\wp-content\plugins\meeting-scheduler-by-vcita\vcita-widgets-functions.php on line 45
[01-Jun-2026 09:13:47 UTC] PHP Warning:  Undefined array key "uid" in C:\Users\navne\Local Sites\acm-local\app\public\wp-content\plugins\meeting-scheduler-by-vcita\vcita-widgets-functions.php on line 45
[01-Jun-2026 09:14:38 UTC] PHP Warning:  Undefined array key "uid" in C:\Users\navne\Local Sites\acm-local\app\public\wp-content\plugins\meeting-scheduler-by-vcita\vcita-widgets-functions.php on line 45
[01-Jun-2026 09:32:55 UTC] PHP Warning:  Undefined array key "uid" in C:\Users\navne\Local Sites\acm-local\app\public\wp-content\plugins\meeting-scheduler-by-vcita\vcita-widgets-functions.php on line 45
[01-Jun-2026 09:33:10 UTC] PHP Warning:  Undefined array key "uid" in C:\Users\navne\Local Sites\acm-local\app\public\wp-content\plugins\meeting-scheduler-by-vcita\vcita-widgets-functions.php on line 45
[01-Jun-2026 09:33:15 UTC] PHP Warning:  Undefined array key "uid" in C:\Users\navne\Local Sites\acm-local\app\public\wp-content\plugins\meeting-scheduler-by-vcita\vcita-widgets-functions.php on line 45
[01-Jun-2026 09:33:16 UTC] PHP Warning:  Undefined array key "uid" in C:\Users\navne\Local Sites\acm-local\app\public\wp-content\plugins\meeting-scheduler-by-vcita\vcita-widgets-functions.php on line 45
[01-Jun-2026 09:33:16 UTC] PHP Warning:  Undefined array key "uid" in C:\Users\navne\Local Sites\acm-local\app\public\wp-content\plugins\meeting-scheduler-by-vcita\vcita-widgets-functions.php on line 45
[01-Jun-2026 09:33:17 UTC] PHP Warning:  Undefined array key "uid" in C:\Users\navne\Local Sites\acm-local\app\public\wp-content\plugins\meeting-scheduler-by-vcita\vcita-widgets-functions.php on line 45
[01-Jun-2026 09:33:32 UTC] PHP Warning:  Undefined array key "uid" in C:\Users\navne\Local Sites\acm-local\app\public\wp-content\plugins\meeting-scheduler-by-vcita\vcita-widgets-functions.php on line 45
[01-Jun-2026 09:34:26 UTC] PHP Warning:  Undefined array key "uid" in C:\Users\navne\Local Sites\acm-local\app\public\wp-content\plugins\meeting-scheduler-by-vcita\vcita-widgets-functions.php on line 45
[01-Jun-2026 09:34:35 UTC] PHP Warning:  Undefined array key "uid" in C:\Users\navne\Local Sites\acm-local\app\public\wp-content\plugins\meeting-scheduler-by-vcita\vcita-widgets-functions.php on line 45
[01-Jun-2026 09:34:53 UTC] PHP Warning:  Undefined array key "uid" in C:\Users\navne\Local Sites\acm-local\app\public\wp-content\plugins\meeting-scheduler-by-vcita\vcita-widgets-functions.php on line 45
[01-Jun-2026 09:41:22 UTC] PHP Warning:  Undefined array key "uid" in C:\Users\navne\Local Sites\acm-local\app\public\wp-content\plugins\meeting-scheduler-by-vcita\vcita-widgets-functions.php on line 45
[01-Jun-2026 09:42:55 UTC] PHP Warning:  Undefined array key "uid" in C:\Users\navne\Local Sites\acm-local\app\public\wp-content\plugins\meeting-scheduler-by-vcita\vcita-widgets-functions.php on line 45
[01-Jun-2026 09:43:37 UTC] PHP Warning:  Undefined array key "uid" in C:\Users\navne\Local Sites\acm-local\app\public\wp-content\plugins\meeting-scheduler-by-vcita\vcita-widgets-functions.php on line 45
[01-Jun-2026 09:43:42 UTC] PHP Warning:  Undefined array key "uid" in C:\Users\navne\Local Sites\acm-local\app\public\wp-content\plugins\meeting-scheduler-by-vcita\vcita-widgets-functions.php on line 45
[01-Jun-2026 09:44:08 UTC] PHP Warning:  Undefined array key "uid" in C:\Users\navne\Local Sites\acm-local\app\public\wp-content\plugins\meeting-scheduler-by-vcita\vcita-widgets-functions.php on line 45
[01-Jun-2026 09:47:20 UTC] PHP Warning:  Undefined array key "uid" in C:\Users\navne\Local Sites\acm-local\app\public\wp-content\plugins\meeting-scheduler-by-vcita\vcita-widgets-functions.php on line 45
[01-Jun-2026 09:49:48 UTC] PHP Warning:  Undefined array key "uid" in C:\Users\navne\Local Sites\acm-local\app\public\wp-content\plugins\meeting-scheduler-by-vcita\vcita-widgets-functions.php on line 45
[01-Jun-2026 09:50:00 UTC] PHP Warning:  Undefined array key "uid" in C:\Users\navne\Local Sites\acm-local\app\public\wp-content\plugins\meeting-scheduler-by-vcita\vcita-scheduler.php on line 234
[01-Jun-2026 09:50:00 UTC] PHP Warning:  Undefined array key "uid" in C:\Users\navne\Local Sites\acm-local\app\public\wp-content\plugins\meeting-scheduler-by-vcita\vcita-scheduler.php on line 263
[01-Jun-2026 09:50:00 UTC] PHP Warning:  Undefined array key "uid" in C:\Users\navne\Local Sites\acm-local\app\public\wp-content\plugins\meeting-scheduler-by-vcita\vcita-scheduler.php on line 280
[01-Jun-2026 09:53:15 UTC] PHP Warning:  Undefined array key "uid" in C:\Users\navne\Local Sites\acm-local\app\public\wp-content\plugins\meeting-scheduler-by-vcita\vcita-scheduler.php on line 234
[01-Jun-2026 09:53:15 UTC] PHP Warning:  Undefined array key "uid" in C:\Users\navne\Local Sites\acm-local\app\public\wp-content\plugins\meeting-scheduler-by-vcita\vcita-scheduler.php on line 263
[01-Jun-2026 09:53:15 UTC] PHP Warning:  Undefined array key "uid" in C:\Users\navne\Local Sites\acm-local\app\public\wp-content\plugins\meeting-scheduler-by-vcita\vcita-scheduler.php on line 280
[01-Jun-2026 09:54:12 UTC] PHP Warning:  Undefined array key "uid" in C:\Users\navne\Local Sites\acm-local\app\public\wp-content\plugins\meeting-scheduler-by-vcita\vcita-scheduler.php on line 234
[01-Jun-2026 09:54:12 UTC] PHP Warning:  Undefined array key "uid" in C:\Users\navne\Local Sites\acm-local\app\public\wp-content\plugins\meeting-scheduler-by-vcita\vcita-scheduler.php on line 263
[01-Jun-2026 09:54:12 UTC] PHP Warning:  Undefined array key "uid" in C:\Users\navne\Local Sites\acm-local\app\public\wp-content\plugins\meeting-scheduler-by-vcita\vcita-scheduler.php on line 280
[01-Jun-2026 09:54:39 UTC] Cron reschedule event error for hook: action_scheduler_run_queue, Error code: could_not_set, Error message: The cron event list could not be saved., Data: {"schedule":"every_minute","args":["WP Cron"],"interval":60}
[01-Jun-2026 09:56:40 UTC] PHP Warning:  Undefined array key "uid" in C:\Users\navne\Local Sites\acm-local\app\public\wp-content\plugins\meeting-scheduler-by-vcita\vcita-scheduler.php on line 234
[01-Jun-2026 09:56:40 UTC] PHP Warning:  Undefined array key "uid" in C:\Users\navne\Local Sites\acm-local\app\public\wp-content\plugins\meeting-scheduler-by-vcita\vcita-scheduler.php on line 263
[01-Jun-2026 09:56:40 UTC] PHP Warning:  Undefined array key "uid" in C:\Users\navne\Local Sites\acm-local\app\public\wp-content\plugins\meeting-scheduler-by-vcita\vcita-scheduler.php on line 280
[01-Jun-2026 09:56:47 UTC] Cron reschedule event error for hook: action_scheduler_run_queue, Error code: could_not_set, Error message: The cron event list could not be saved., Data: {"schedule":"every_minute","args":["WP Cron"],"interval":60}
[01-Jun-2026 09:57:55 UTC] Cron reschedule event error for hook: action_scheduler_run_queue, Error code: could_not_set, Error message: The cron event list could not be saved., Data: {"schedule":"every_minute","args":["WP Cron"],"interval":60}
[01-Jun-2026 10:02:01 UTC] Cron reschedule event error for hook: action_scheduler_run_queue, Error code: could_not_set, Error message: The cron event list could not be saved., Data: {"schedule":"every_minute","args":["WP Cron"],"interval":60}
[06-Jun-2026 11:26:33 UTC] PHP Warning:  Undefined array key "uid" in C:\Users\navne\Local Sites\acm-local\app\public\wp-content\plugins\meeting-scheduler-by-vcita\vcita-widgets-functions.php on line 45
[06-Jun-2026 11:27:00 UTC] PHP Warning:  Undefined array key "uid" in C:\Users\navne\Local Sites\acm-local\app\public\wp-content\plugins\meeting-scheduler-by-vcita\vcita-widgets-functions.php on line 45
[06-Jun-2026 11:27:07 UTC] PHP Warning:  Undefined array key "uid" in C:\Users\navne\Local Sites\acm-local\app\public\wp-content\plugins\meeting-scheduler-by-vcita\vcita-widgets-functions.php on line 45
[06-Jun-2026 11:27:09 UTC] PHP Warning:  Undefined array key "uid" in C:\Users\navne\Local Sites\acm-local\app\public\wp-content\plugins\meeting-scheduler-by-vcita\vcita-widgets-functions.php on line 45
[06-Jun-2026 11:35:26 UTC] PHP Warning:  Undefined array key "uid" in C:\Users\navne\Local Sites\acm-local\app\public\wp-content\plugins\meeting-scheduler-by-vcita\vcita-widgets-functions.php on line 45
[06-Jun-2026 11:41:03 UTC] PHP Warning:  Undefined array key "uid" in C:\Users\navne\Local Sites\acm-local\app\public\wp-content\plugins\meeting-scheduler-by-vcita\vcita-widgets-functions.php on line 45
[06-Jun-2026 11:41:15 UTC] PHP Warning:  Undefined array key "uid" in C:\Users\navne\Local Sites\acm-local\app\public\wp-content\plugins\meeting-scheduler-by-vcita\vcita-widgets-functions.php on line 45
[06-Jun-2026 11:42:56 UTC] PHP Warning:  Undefined array key "uid" in C:\Users\navne\Local Sites\acm-local\app\public\wp-content\plugins\meeting-scheduler-by-vcita\vcita-widgets-functions.php on line 45
[06-Jun-2026 11:59:30 UTC] PHP Warning:  Undefined array key "uid" in C:\Users\navne\Local Sites\acm-local\app\public\wp-content\plugins\meeting-scheduler-by-vcita\vcita-widgets-functions.php on line 45
[06-Jun-2026 12:06:24 UTC] PHP Warning:  Undefined array key "uid" in C:\Users\navne\Local Sites\acm-local\app\public\wp-content\plugins\meeting-scheduler-by-vcita\vcita-widgets-functions.php on line 45
[06-Jun-2026 12:09:22 UTC] PHP Warning:  Undefined array key "uid" in C:\Users\navne\Local Sites\acm-local\app\public\wp-content\plugins\meeting-scheduler-by-vcita\vcita-widgets-functions.php on line 45
[06-Jun-2026 12:09:33 UTC] PHP Warning:  Undefined array key "uid" in C:\Users\navne\Local Sites\acm-local\app\public\wp-content\plugins\meeting-scheduler-by-vcita\vcita-widgets-functions.php on line 45
[06-Jun-2026 12:11:42 UTC] PHP Warning:  Undefined array key "uid" in C:\Users\navne\Local Sites\acm-local\app\public\wp-content\plugins\meeting-scheduler-by-vcita\vcita-widgets-functions.php on line 45
[06-Jun-2026 12:14:25 UTC] PHP Warning:  Undefined array key "uid" in C:\Users\navne\Local Sites\acm-local\app\public\wp-content\plugins\meeting-scheduler-by-vcita\vcita-widgets-functions.php on line 45
[06-Jun-2026 12:16:43 UTC] PHP Warning:  Undefined array key "uid" in C:\Users\navne\Local Sites\acm-local\app\public\wp-content\plugins\meeting-scheduler-by-vcita\vcita-widgets-functions.php on line 45
[06-Jun-2026 12:17:45 UTC] PHP Warning:  Undefined array key "uid" in C:\Users\navne\Local Sites\acm-local\app\public\wp-content\plugins\meeting-scheduler-by-vcita\vcita-widgets-functions.php on line 45
[06-Jun-2026 12:23:29 UTC] PHP Warning:  Undefined array key "uid" in C:\Users\navne\Local Sites\acm-local\app\public\wp-content\plugins\meeting-scheduler-by-vcita\vcita-widgets-functions.php on line 45
[06-Jun-2026 12:38:51 UTC] PHP Warning:  Undefined array key "uid" in C:\Users\navne\Local Sites\acm-local\app\public\wp-content\plugins\meeting-scheduler-by-vcita\vcita-widgets-functions.php on line 45
[06-Jun-2026 12:39:54 UTC] PHP Warning:  Undefined array key "uid" in C:\Users\navne\Local Sites\acm-local\app\public\wp-content\plugins\meeting-scheduler-by-vcita\vcita-widgets-functions.php on line 45
[06-Jun-2026 12:57:32 UTC] PHP Warning:  Undefined array key "uid" in C:\Users\navne\Local Sites\acm-local\app\public\wp-content\plugins\meeting-scheduler-by-vcita\vcita-widgets-functions.php on line 45
[06-Jun-2026 12:57:32 UTC] PHP Warning:  Undefined array key "uid" in C:\Users\navne\Local Sites\acm-local\app\public\wp-content\plugins\meeting-scheduler-by-vcita\vcita-widgets-functions.php on line 45
[06-Jun-2026 12:58:17 UTC] PHP Warning:  Undefined array key "uid" in C:\Users\navne\Local Sites\acm-local\app\public\wp-content\plugins\meeting-scheduler-by-vcita\vcita-widgets-functions.php on line 45
[06-Jun-2026 12:59:30 UTC] PHP Warning:  Undefined array key "uid" in C:\Users\navne\Local Sites\acm-local\app\public\wp-content\plugins\meeting-scheduler-by-vcita\vcita-widgets-functions.php on line 45
[06-Jun-2026 12:59:34 UTC] PHP Warning:  Undefined array key "uid" in C:\Users\navne\Local Sites\acm-local\app\public\wp-content\plugins\meeting-scheduler-by-vcita\vcita-widgets-functions.php on line 45
[06-Jun-2026 12:59:42 UTC] PHP Warning:  Undefined array key "uid" in C:\Users\navne\Local Sites\acm-local\app\public\wp-content\plugins\meeting-scheduler-by-vcita\vcita-widgets-functions.php on line 45
[06-Jun-2026 13:07:22 UTC] PHP Warning:  Undefined array key "uid" in C:\Users\navne\Local Sites\acm-local\app\public\wp-content\plugins\meeting-scheduler-by-vcita\vcita-widgets-functions.php on line 45
[06-Jun-2026 13:07:34 UTC] PHP Warning:  Undefined array key "uid" in C:\Users\navne\Local Sites\acm-local\app\public\wp-content\plugins\meeting-scheduler-by-vcita\vcita-widgets-functions.php on line 45
[06-Jun-2026 13:07:37 UTC] PHP Warning:  Undefined array key "uid" in C:\Users\navne\Local Sites\acm-local\app\public\wp-content\plugins\meeting-scheduler-by-vcita\vcita-widgets-functions.php on line 45
[06-Jun-2026 13:07:38 UTC] PHP Warning:  Undefined array key "uid" in C:\Users\navne\Local Sites\acm-local\app\public\wp-content\plugins\meeting-scheduler-by-vcita\vcita-widgets-functions.php on line 45
[06-Jun-2026 13:10:38 UTC] PHP Warning:  Undefined array key "uid" in C:\Users\navne\Local Sites\acm-local\app\public\wp-content\plugins\meeting-scheduler-by-vcita\vcita-widgets-functions.php on line 45
[06-Jun-2026 13:10:38 UTC] PHP Parse error:  syntax error, unexpected end of file, expecting "elseif" or "else" or "endif" in E:\acmwindia\acm\sidebar.php on line 31
[06-Jun-2026 13:10:43 UTC] PHP Warning:  Undefined array key "uid" in C:\Users\navne\Local Sites\acm-local\app\public\wp-content\plugins\meeting-scheduler-by-vcita\vcita-widgets-functions.php on line 45
[06-Jun-2026 13:10:43 UTC] PHP Parse error:  syntax error, unexpected end of file, expecting "elseif" or "else" or "endif" in E:\acmwindia\acm\sidebar.php on line 31
[06-Jun-2026 13:10:53 UTC] PHP Warning:  Undefined array key "uid" in C:\Users\navne\Local Sites\acm-local\app\public\wp-content\plugins\meeting-scheduler-by-vcita\vcita-widgets-functions.php on line 45
[06-Jun-2026 13:12:55 UTC] PHP Warning:  Undefined array key "uid" in C:\Users\navne\Local Sites\acm-local\app\public\wp-content\plugins\meeting-scheduler-by-vcita\vcita-widgets-functions.php on line 45
[06-Jun-2026 13:15:08 UTC] PHP Warning:  Undefined array key "uid" in C:\Users\navne\Local Sites\acm-local\app\public\wp-content\plugins\meeting-scheduler-by-vcita\vcita-widgets-functions.php on line 45
[06-Jun-2026 13:17:17 UTC] PHP Warning:  Undefined array key "uid" in C:\Users\navne\Local Sites\acm-local\app\public\wp-content\plugins\meeting-scheduler-by-vcita\vcita-widgets-functions.php on line 45
[06-Jun-2026 13:17:21 UTC] PHP Warning:  Undefined array key "uid" in C:\Users\navne\Local Sites\acm-local\app\public\wp-content\plugins\meeting-scheduler-by-vcita\vcita-widgets-functions.php on line 45
[06-Jun-2026 13:56:14 UTC] PHP Warning:  Undefined array key "uid" in C:\Users\navne\Local Sites\acm-local\app\public\wp-content\plugins\meeting-scheduler-by-vcita\vcita-widgets-functions.php on line 45
[06-Jun-2026 14:02:56 UTC] PHP Warning:  Undefined array key "uid" in C:\Users\navne\Local Sites\acm-local\app\public\wp-content\plugins\meeting-scheduler-by-vcita\vcita-widgets-functions.php on line 45
[06-Jun-2026 14:04:56 UTC] PHP Warning:  Undefined array key "uid" in C:\Users\navne\Local Sites\acm-local\app\public\wp-content\plugins\meeting-scheduler-by-vcita\vcita-widgets-functions.php on line 45
[06-Jun-2026 14:10:54 UTC] PHP Warning:  Undefined array key "uid" in C:\Users\navne\Local Sites\acm-local\app\public\wp-content\plugins\meeting-scheduler-by-vcita\vcita-widgets-functions.php on line 45
[06-Jun-2026 14:11:28 UTC] PHP Warning:  Undefined array key "uid" in C:\Users\navne\Local Sites\acm-local\app\public\wp-content\plugins\meeting-scheduler-by-vcita\vcita-widgets-functions.php on line 45
[06-Jun-2026 14:12:52 UTC] PHP Warning:  Undefined array key "uid" in C:\Users\navne\Local Sites\acm-local\app\public\wp-content\plugins\meeting-scheduler-by-vcita\vcita-widgets-functions.php on line 45
[06-Jun-2026 14:15:00 UTC] PHP Warning:  Undefined array key "uid" in C:\Users\navne\Local Sites\acm-local\app\public\wp-content\plugins\meeting-scheduler-by-vcita\vcita-widgets-functions.php on line 45
[06-Jun-2026 14:15:35 UTC] PHP Warning:  Undefined array key "uid" in C:\Users\navne\Local Sites\acm-local\app\public\wp-content\plugins\meeting-scheduler-by-vcita\vcita-widgets-functions.php on line 45
[06-Jun-2026 14:15:37 UTC] PHP Warning:  Undefined array key "uid" in C:\Users\navne\Local Sites\acm-local\app\public\wp-content\plugins\meeting-scheduler-by-vcita\vcita-widgets-functions.php on line 45
[06-Jun-2026 14:16:22 UTC] PHP Warning:  Undefined array key "uid" in C:\Users\navne\Local Sites\acm-local\app\public\wp-content\plugins\meeting-scheduler-by-vcita\vcita-widgets-functions.php on line 45
[06-Jun-2026 14:16:25 UTC] PHP Warning:  Undefined array key "uid" in C:\Users\navne\Local Sites\acm-local\app\public\wp-content\plugins\meeting-scheduler-by-vcita\vcita-widgets-functions.php on line 45
[06-Jun-2026 14:16:31 UTC] PHP Warning:  Undefined array key "uid" in C:\Users\navne\Local Sites\acm-local\app\public\wp-content\plugins\meeting-scheduler-by-vcita\vcita-widgets-functions.php on line 45
[06-Jun-2026 14:16:33 UTC] PHP Warning:  Undefined array key "uid" in C:\Users\navne\Local Sites\acm-local\app\public\wp-content\plugins\meeting-scheduler-by-vcita\vcita-widgets-functions.php on line 45
[06-Jun-2026 14:17:51 UTC] PHP Warning:  Undefined array key "uid" in C:\Users\navne\Local Sites\acm-local\app\public\wp-content\plugins\meeting-scheduler-by-vcita\vcita-widgets-functions.php on line 45
[06-Jun-2026 14:19:00 UTC] PHP Warning:  Undefined array key "uid" in C:\Users\navne\Local Sites\acm-local\app\public\wp-content\plugins\meeting-scheduler-by-vcita\vcita-widgets-functions.php on line 45
[06-Jun-2026 14:19:59 UTC] PHP Warning:  Undefined array key "uid" in C:\Users\navne\Local Sites\acm-local\app\public\wp-content\plugins\meeting-scheduler-by-vcita\vcita-widgets-functions.php on line 45
[06-Jun-2026 14:22:55 UTC] PHP Warning:  Undefined array key "uid" in C:\Users\navne\Local Sites\acm-local\app\public\wp-content\plugins\meeting-scheduler-by-vcita\vcita-widgets-functions.php on line 45
[06-Jun-2026 14:23:01 UTC] PHP Warning:  Undefined array key "uid" in C:\Users\navne\Local Sites\acm-local\app\public\wp-content\plugins\meeting-scheduler-by-vcita\vcita-widgets-functions.php on line 45
[06-Jun-2026 14:24:02 UTC] PHP Warning:  Undefined array key "uid" in C:\Users\navne\Local Sites\acm-local\app\public\wp-content\plugins\meeting-scheduler-by-vcita\vcita-widgets-functions.php on line 45
[06-Jun-2026 14:25:40 UTC] PHP Warning:  Undefined array key "uid" in C:\Users\navne\Local Sites\acm-local\app\public\wp-content\plugins\meeting-scheduler-by-vcita\vcita-widgets-functions.php on line 45
[06-Jun-2026 14:26:52 UTC] PHP Warning:  Undefined array key "uid" in C:\Users\navne\Local Sites\acm-local\app\public\wp-content\plugins\meeting-scheduler-by-vcita\vcita-widgets-functions.php on line 45
[06-Jun-2026 14:29:22 UTC] PHP Warning:  Undefined array key "uid" in C:\Users\navne\Local Sites\acm-local\app\public\wp-content\plugins\meeting-scheduler-by-vcita\vcita-widgets-functions.php on line 45
[06-Jun-2026 14:30:06 UTC] PHP Warning:  Undefined array key "uid" in C:\Users\navne\Local Sites\acm-local\app\public\wp-content\plugins\meeting-scheduler-by-vcita\vcita-widgets-functions.php on line 45
[06-Jun-2026 14:31:16 UTC] PHP Warning:  Undefined array key "uid" in C:\Users\navne\Local Sites\acm-local\app\public\wp-content\plugins\meeting-scheduler-by-vcita\vcita-widgets-functions.php on line 45
[06-Jun-2026 14:32:51 UTC] PHP Warning:  Undefined array key "uid" in C:\Users\navne\Local Sites\acm-local\app\public\wp-content\plugins\meeting-scheduler-by-vcita\vcita-widgets-functions.php on line 45
[06-Jun-2026 14:33:50 UTC] PHP Warning:  Undefined array key "uid" in C:\Users\navne\Local Sites\acm-local\app\public\wp-content\plugins\meeting-scheduler-by-vcita\vcita-widgets-functions.php on line 45
[06-Jun-2026 14:34:37 UTC] PHP Warning:  Undefined array key "uid" in C:\Users\navne\Local Sites\acm-local\app\public\wp-content\plugins\meeting-scheduler-by-vcita\vcita-widgets-functions.php on line 45
[06-Jun-2026 14:34:56 UTC] PHP Warning:  Undefined array key "uid" in C:\Users\navne\Local Sites\acm-local\app\public\wp-content\plugins\meeting-scheduler-by-vcita\vcita-widgets-functions.php on line 45
[06-Jun-2026 14:35:16 UTC] PHP Warning:  Undefined array key "uid" in C:\Users\navne\Local Sites\acm-local\app\public\wp-content\plugins\meeting-scheduler-by-vcita\vcita-widgets-functions.php on line 45
[06-Jun-2026 14:35:36 UTC] PHP Warning:  Undefined array key "uid" in C:\Users\navne\Local Sites\acm-local\app\public\wp-content\plugins\meeting-scheduler-by-vcita\vcita-widgets-functions.php on line 45
[06-Jun-2026 14:35:46 UTC] PHP Warning:  Undefined array key "uid" in C:\Users\navne\Local Sites\acm-local\app\public\wp-content\plugins\meeting-scheduler-by-vcita\vcita-widgets-functions.php on line 45
[06-Jun-2026 14:36:04 UTC] PHP Warning:  Undefined array key "uid" in C:\Users\navne\Local Sites\acm-local\app\public\wp-content\plugins\meeting-scheduler-by-vcita\vcita-widgets-functions.php on line 45
[06-Jun-2026 14:36:15 UTC] PHP Warning:  Undefined array key "uid" in C:\Users\navne\Local Sites\acm-local\app\public\wp-content\plugins\meeting-scheduler-by-vcita\vcita-widgets-functions.php on line 45
[06-Jun-2026 14:36:32 UTC] PHP Warning:  Undefined array key "uid" in C:\Users\navne\Local Sites\acm-local\app\public\wp-content\plugins\meeting-scheduler-by-vcita\vcita-widgets-functions.php on line 45
[06-Jun-2026 14:36:50 UTC] PHP Warning:  Undefined array key "uid" in C:\Users\navne\Local Sites\acm-local\app\public\wp-content\plugins\meeting-scheduler-by-vcita\vcita-widgets-functions.php on line 45
[06-Jun-2026 14:37:48 UTC] PHP Warning:  Undefined array key "uid" in C:\Users\navne\Local Sites\acm-local\app\public\wp-content\plugins\meeting-scheduler-by-vcita\vcita-widgets-functions.php on line 45
[06-Jun-2026 14:40:09 UTC] PHP Warning:  Undefined array key "uid" in C:\Users\navne\Local Sites\acm-local\app\public\wp-content\plugins\meeting-scheduler-by-vcita\vcita-widgets-functions.php on line 45
[06-Jun-2026 15:00:12 UTC] PHP Warning:  Undefined array key "uid" in C:\Users\navne\Local Sites\acm-local\app\public\wp-content\plugins\meeting-scheduler-by-vcita\vcita-widgets-functions.php on line 45
